
11월 10, 2022 11:39:29.211 NEW SESSION
11월 10, 2022 11:39:29.211 [12080:1736:1110/113929.210:ERROR:device_event_log_impl.cc(215)] [11:39:29.211] Bluetooth: bluetooth_adapter_winrt.cc:1074 Getting Default Adapter failed.
11월 10, 2022 11:40:27.169 [12080:17392:1110/114027.168:ERROR:util.cc(129)] Can't create base directory: C:\Program Files\Google\GoogleUpdater
11월 10, 2022 11:41:42.198 [12080:1736:1110/114142.198:ERROR:interface_endpoint_client.cc(690)] Message 1 rejected by interface blink.mojom.WidgetHost
11월 10, 2022 12:01:14.451 [12080:1736:1110/120114.451:ERROR:interface_endpoint_client.cc(690)] Message 1 rejected by interface blink.mojom.WidgetHost
11월 10, 2022 12:06:16.290 [6476:15868:1110/120616.290:ERROR:device_event_log_impl.cc(215)] [12:06:16.289] Bluetooth: bluetooth_adapter_winrt.cc:1074 Getting Default Adapter failed.
11월 10, 2022 12:07:13.219 [6476:14452:1110/120713.218:ERROR:util.cc(129)] Can't create base directory: C:\Program Files\Google\GoogleUpdater
11월 10, 2022 12:07:28.614 [5676:1088:1110/120728.614:ERROR:device_event_log_impl.cc(215)] [12:07:28.615] Bluetooth: bluetooth_adapter_winrt.cc:1074 Getting Default Adapter failed.
11월 10, 2022 12:08:26.132 [5676:5944:1110/120826.131:ERROR:util.cc(129)] Can't create base directory: C:\Program Files\Google\GoogleUpdater
11월 10, 2022 12:34:37.140 [14900:17168:1110/123437.139:ERROR:device_event_log_impl.cc(215)] [12:34:37.140] Bluetooth: bluetooth_adapter_winrt.cc:1074 Getting Default Adapter failed.
11월 10, 2022 12:41:25.699 [8824:10084:1110/124125.699:ERROR:device_event_log_impl.cc(215)] [12:41:25.699] Bluetooth: bluetooth_adapter_winrt.cc:1074 Getting Default Adapter failed.
11월 10, 2022 12:42:23.108 [8824:8124:1110/124223.108:ERROR:util.cc(129)] Can't create base directory: C:\Program Files\Google\GoogleUpdater
11월 10, 2022 12:56:27.873 [8800:12572:1110/125627.873:ERROR:device_event_log_impl.cc(215)] [12:56:27.873] Bluetooth: bluetooth_adapter_winrt.cc:1074 Getting Default Adapter failed.
11월 10, 2022 12:57:25.656 [8800:12516:1110/125725.656:ERROR:util.cc(129)] Can't create base directory: C:\Program Files\Google\GoogleUpdater
11월 10, 2022 14:36:40.909 [13664:9484:1110/143640.909:ERROR:device_event_log_impl.cc(215)] [14:36:40.910] Bluetooth: bluetooth_adapter_winrt.cc:1074 Getting Default Adapter failed.
11월 10, 2022 14:37:37.879 [13664:12172:1110/143737.879:ERROR:util.cc(129)] Can't create base directory: C:\Program Files\Google\GoogleUpdater
11월 10, 2022 14:50:55.232 [16700:14220:1110/145055.232:ERROR:device_event_log_impl.cc(215)] [14:50:55.232] Bluetooth: bluetooth_adapter_winrt.cc:1074 Getting Default Adapter failed.
11월 10, 2022 14:51:53.142 [16700:5352:1110/145153.141:ERROR:util.cc(129)] Can't create base directory: C:\Program Files\Google\GoogleUpdater
11월 10, 2022 15:07:03.578 [12192:16960:1110/150703.578:ERROR:device_event_log_impl.cc(215)] [15:07:03.578] Bluetooth: bluetooth_adapter_winrt.cc:1074 Getting Default Adapter failed.
11월 10, 2022 15:08:01.479 [12192:13564:1110/150801.479:ERROR:util.cc(129)] Can't create base directory: C:\Program Files\Google\GoogleUpdater
11월 10, 2022 15:37:34.950 [16516:11096:1110/153734.950:ERROR:device_event_log_impl.cc(215)] [15:37:34.951] Bluetooth: bluetooth_adapter_winrt.cc:1074 Getting Default Adapter failed.
11월 10, 2022 15:38:49.35 [3188:3328:1110/153849.035:ERROR:device_event_log_impl.cc(215)] [15:38:49.035] Bluetooth: bluetooth_adapter_winrt.cc:1074 Getting Default Adapter failed.
11월 10, 2022 15:39:47.30 [3188:15852:1110/153947.030:ERROR:util.cc(129)] Can't create base directory: C:\Program Files\Google\GoogleUpdater
11월 10, 2022 16:11:09.965 [14288:8128:1110/161109.965:ERROR:device_event_log_impl.cc(215)] [16:11:09.964] Bluetooth: bluetooth_adapter_winrt.cc:1074 Getting Default Adapter failed.
11월 10, 2022 16:12:07.972 [14288:10528:1110/161207.971:ERROR:util.cc(129)] Can't create base directory: C:\Program Files\Google\GoogleUpdater

11월 11, 2022 09:35:15.215 NEW SESSION
11월 11, 2022 09:35:15.215 [4040:2976:1111/093515.214:ERROR:device_event_log_impl.cc(215)] [09:35:15.214] Bluetooth: bluetooth_adapter_winrt.cc:1074 Getting Default Adapter failed.
11월 11, 2022 09:36:13.08 [4040:7396:1111/093613.008:ERROR:util.cc(129)] Can't create base directory: C:\Program Files\Google\GoogleUpdater
11월 11, 2022 09:47:39.678 [2476:4992:1111/094739.678:ERROR:device_event_log_impl.cc(215)] [09:47:39.678] Bluetooth: bluetooth_adapter_winrt.cc:1074 Getting Default Adapter failed.
11월 11, 2022 09:48:37.183 [2476:9900:1111/094837.182:ERROR:util.cc(129)] Can't create base directory: C:\Program Files\Google\GoogleUpdater
11월 11, 2022 09:54:57.382 [1496:9692:1111/095457.382:ERROR:device_event_log_impl.cc(215)] [09:54:57.381] Bluetooth: bluetooth_adapter_winrt.cc:1074 Getting Default Adapter failed.
11월 11, 2022 09:55:54.532 [1496:6856:1111/095554.531:ERROR:util.cc(129)] Can't create base directory: C:\Program Files\Google\GoogleUpdater
11월 11, 2022 09:56:06.943 [9968:4632:1111/095606.943:ERROR:device_event_log_impl.cc(215)] [09:56:06.943] Bluetooth: bluetooth_adapter_winrt.cc:1074 Getting Default Adapter failed.
11월 11, 2022 09:56:25.143 [544:10840:1111/095625.143:ERROR:device_event_log_impl.cc(215)] [09:56:25.143] Bluetooth: bluetooth_adapter_winrt.cc:1074 Getting Default Adapter failed.
11월 11, 2022 09:56:31.433 [9384:5216:1111/095631.433:ERROR:device_event_log_impl.cc(215)] [09:56:31.432] Bluetooth: bluetooth_adapter_winrt.cc:1074 Getting Default Adapter failed.
11월 11, 2022 09:57:28.653 [9384:9920:1111/095728.653:ERROR:util.cc(129)] Can't create base directory: C:\Program Files\Google\GoogleUpdater
11월 11, 2022 09:58:25.935 [4988:1968:1111/095825.935:ERROR:device_event_log_impl.cc(215)] [09:58:25.935] Bluetooth: bluetooth_adapter_winrt.cc:1074 Getting Default Adapter failed.
11월 11, 2022 09:59:23.219 [4988:6796:1111/095923.219:ERROR:util.cc(129)] Can't create base directory: C:\Program Files\Google\GoogleUpdater
11월 11, 2022 10:01:35.285 [12068:6176:1111/100135.285:ERROR:device_event_log_impl.cc(215)] [10:01:35.285] Bluetooth: bluetooth_adapter_winrt.cc:1074 Getting Default Adapter failed.
11월 11, 2022 11:14:33.818 [4132:9708:1111/111433.818:ERROR:device_event_log_impl.cc(215)] [11:14:33.819] Bluetooth: bluetooth_adapter_winrt.cc:1074 Getting Default Adapter failed.
11월 11, 2022 11:14:50.689 [7132:8400:1111/111450.689:ERROR:device_event_log_impl.cc(215)] [11:14:50.689] Bluetooth: bluetooth_adapter_winrt.cc:1074 Getting Default Adapter failed.
11월 11, 2022 11:15:59.702 [6852:3284:1111/111559.702:ERROR:device_event_log_impl.cc(215)] [11:15:59.701] Bluetooth: bluetooth_adapter_winrt.cc:1074 Getting Default Adapter failed.
11월 11, 2022 11:16:57.378 [6852:3164:1111/111657.378:ERROR:util.cc(129)] Can't create base directory: C:\Program Files\Google\GoogleUpdater
11월 11, 2022 11:34:50.743 [6852:3284:1111/113450.742:ERROR:interface_endpoint_client.cc(690)] Message 1 rejected by interface blink.mojom.WidgetHost
11월 11, 2022 12:06:39.428 [6852:3284:1111/120639.428:ERROR:interface_endpoint_client.cc(690)] Message 1 rejected by interface blink.mojom.WidgetHost
11월 11, 2022 12:06:39.429 [6852:3284:1111/120639.428:ERROR:interface_endpoint_client.cc(690)] Message 1 rejected by interface blink.mojom.WidgetHost
11월 11, 2022 12:06:39.429 [6852:3284:1111/120639.428:ERROR:interface_endpoint_client.cc(690)] Message 1 rejected by interface blink.mojom.WidgetHost
11월 11, 2022 12:46:07.965 [6788:1212:1111/124607.965:ERROR:device_event_log_impl.cc(215)] [12:46:07.965] Bluetooth: bluetooth_adapter_winrt.cc:1074 Getting Default Adapter failed.
11월 11, 2022 12:47:05.809 [6788:9336:1111/124705.809:ERROR:util.cc(129)] Can't create base directory: C:\Program Files\Google\GoogleUpdater

11월 11, 2022 13:01:56.272 NEW SESSION
11월 11, 2022 13:01:56.272 [3032:1892:1111/130156.271:ERROR:device_event_log_impl.cc(215)] [13:01:56.271] Bluetooth: bluetooth_adapter_winrt.cc:1074 Getting Default Adapter failed.
11월 11, 2022 13:02:54.194 [3032:1332:1111/130254.193:ERROR:util.cc(129)] Can't create base directory: C:\Program Files\Google\GoogleUpdater
11월 11, 2022 14:44:26.390 [9652:6196:1111/144426.390:ERROR:device_event_log_impl.cc(215)] [14:44:26.390] Bluetooth: bluetooth_adapter_winrt.cc:1074 Getting Default Adapter failed.
11월 11, 2022 14:45:55.647 [11464:296:1111/144555.647:ERROR:device_event_log_impl.cc(215)] [14:45:55.646] Bluetooth: bluetooth_adapter_winrt.cc:1074 Getting Default Adapter failed.
11월 11, 2022 14:46:52.941 [11464:2920:1111/144652.941:ERROR:util.cc(129)] Can't create base directory: C:\Program Files\Google\GoogleUpdater
11월 11, 2022 14:48:22.918 [11820:1356:1111/144822.918:ERROR:device_event_log_impl.cc(215)] [14:48:22.918] Bluetooth: bluetooth_adapter_winrt.cc:1074 Getting Default Adapter failed.
11월 11, 2022 14:49:20.780 [11820:4656:1111/144920.780:ERROR:util.cc(129)] Can't create base directory: C:\Program Files\Google\GoogleUpdater
11월 11, 2022 15:03:35.393 [1212:7704:1111/150335.393:ERROR:device_event_log_impl.cc(215)] [15:03:35.393] Bluetooth: bluetooth_adapter_winrt.cc:1074 Getting Default Adapter failed.
11월 11, 2022 15:04:33.304 [1212:7588:1111/150433.303:ERROR:util.cc(129)] Can't create base directory: C:\Program Files\Google\GoogleUpdater
11월 11, 2022 15:44:50.263 [6972:9408:1111/154450.263:ERROR:device_event_log_impl.cc(215)] [15:44:50.263] Bluetooth: bluetooth_adapter_winrt.cc:1074 Getting Default Adapter failed.
11월 11, 2022 15:45:47.194 [6972:6128:1111/154547.194:ERROR:util.cc(129)] Can't create base directory: C:\Program Files\Google\GoogleUpdater
11월 11, 2022 15:47:44.633 [12124:2028:1111/154744.633:ERROR:device_event_log_impl.cc(215)] [15:47:44.633] Bluetooth: bluetooth_adapter_winrt.cc:1074 Getting Default Adapter failed.
11월 11, 2022 15:56:03.809 [2032:12036:1111/155603.808:ERROR:device_event_log_impl.cc(215)] [15:56:03.809] Bluetooth: bluetooth_adapter_winrt.cc:1074 Getting Default Adapter failed.
11월 11, 2022 15:56:09.849 [9780:6528:1111/155609.849:ERROR:device_event_log_impl.cc(215)] [15:56:09.849] Bluetooth: bluetooth_adapter_winrt.cc:1074 Getting Default Adapter failed.
11월 11, 2022 15:57:06.985 [9780:6192:1111/155706.984:ERROR:util.cc(129)] Can't create base directory: C:\Program Files\Google\GoogleUpdater
11월 11, 2022 16:55:16.494 [9068:10048:1111/165516.494:ERROR:device_event_log_impl.cc(215)] [16:55:16.494] Bluetooth: bluetooth_adapter_winrt.cc:1074 Getting Default Adapter failed.
11월 11, 2022 16:56:37.434 [11132:5132:1111/165637.434:ERROR:device_event_log_impl.cc(215)] [16:56:37.434] Bluetooth: bluetooth_adapter_winrt.cc:1074 Getting Default Adapter failed.
11월 11, 2022 17:00:19.399 [11596:5084:1111/170019.399:ERROR:device_event_log_impl.cc(215)] [17:00:19.399] Bluetooth: bluetooth_adapter_winrt.cc:1074 Getting Default Adapter failed.
11월 11, 2022 17:01:15.316 [2124:5596:1111/170115.315:ERROR:device_event_log_impl.cc(215)] [17:01:15.315] Bluetooth: bluetooth_adapter_winrt.cc:1074 Getting Default Adapter failed.
11월 11, 2022 17:02:33.347 [5132:4740:1111/170233.347:ERROR:device_event_log_impl.cc(215)] [17:02:33.346] Bluetooth: bluetooth_adapter_winrt.cc:1074 Getting Default Adapter failed.
11월 11, 2022 17:02:59.682 [9432:9900:1111/170259.682:ERROR:device_event_log_impl.cc(215)] [17:02:59.682] Bluetooth: bluetooth_adapter_winrt.cc:1074 Getting Default Adapter failed.
11월 11, 2022 17:04:52.482 [10044:11896:1111/170452.482:ERROR:device_event_log_impl.cc(215)] [17:04:52.482] Bluetooth: bluetooth_adapter_winrt.cc:1074 Getting Default Adapter failed.
11월 11, 2022 17:05:03.520 [10564:5676:1111/170503.520:ERROR:device_event_log_impl.cc(215)] [17:05:03.521] Bluetooth: bluetooth_adapter_winrt.cc:1074 Getting Default Adapter failed.

11월 14, 2022 10:16:11.329 NEW SESSION
11월 14, 2022 10:16:11.329 [15180:7764:1114/101611.328:ERROR:device_event_log_impl.cc(215)] [10:16:11.328] Bluetooth: bluetooth_adapter_winrt.cc:1074 Getting Default Adapter failed.
11월 14, 2022 10:16:35.497 [11480:11864:1114/101635.497:ERROR:device_event_log_impl.cc(215)] [10:16:35.496] Bluetooth: bluetooth_adapter_winrt.cc:1074 Getting Default Adapter failed.
11월 14, 2022 10:17:32.830 [11480:10540:1114/101732.830:ERROR:util.cc(129)] Can't create base directory: C:\Program Files\Google\GoogleUpdater
11월 14, 2022 11:07:50.398 [2132:9456:1114/110750.398:ERROR:device_event_log_impl.cc(215)] [11:07:50.397] Bluetooth: bluetooth_adapter_winrt.cc:1074 Getting Default Adapter failed.
11월 14, 2022 11:08:48.14 [2132:8336:1114/110848.014:ERROR:util.cc(129)] Can't create base directory: C:\Program Files\Google\GoogleUpdater
11월 14, 2022 12:45:23.716 [15200:2092:1114/124523.716:ERROR:device_event_log_impl.cc(215)] [12:45:23.716] Bluetooth: bluetooth_adapter_winrt.cc:1074 Getting Default Adapter failed.
11월 14, 2022 12:46:21.257 [15200:1300:1114/124621.256:ERROR:util.cc(129)] Can't create base directory: C:\Program Files\Google\GoogleUpdater
11월 14, 2022 12:46:40.895 [3308:3596:1114/124640.895:ERROR:device_event_log_impl.cc(215)] [12:46:40.895] Bluetooth: bluetooth_adapter_winrt.cc:1074 Getting Default Adapter failed.
11월 14, 2022 12:47:38.463 [3308:8128:1114/124738.462:ERROR:util.cc(129)] Can't create base directory: C:\Program Files\Google\GoogleUpdater
11월 14, 2022 12:52:53.229 [12296:14064:1114/125253.229:ERROR:device_event_log_impl.cc(215)] [12:52:53.228] Bluetooth: bluetooth_adapter_winrt.cc:1074 Getting Default Adapter failed.
11월 14, 2022 12:53:51.32 [12296:9616:1114/125351.032:ERROR:util.cc(129)] Can't create base directory: C:\Program Files\Google\GoogleUpdater
11월 14, 2022 13:10:53.668 [12296:14064:1114/131053.668:ERROR:interface_endpoint_client.cc(690)] Message 1 rejected by interface blink.mojom.WidgetHost
11월 14, 2022 13:10:53.668 [12296:14064:1114/131053.668:ERROR:interface_endpoint_client.cc(690)] Message 1 rejected by interface blink.mojom.WidgetHost
11월 14, 2022 13:10:56.55 [12296:14064:1114/131056.055:ERROR:interface_endpoint_client.cc(690)] Message 1 rejected by interface blink.mojom.WidgetHost
11월 14, 2022 17:53:51.32 [12296:6752:1114/175351.032:ERROR:util.cc(129)] Can't create base directory: C:\Program Files\Google\GoogleUpdater
11월 14, 2022 18:42:10.432 [12296:14064:1114/184210.431:ERROR:interface_endpoint_client.cc(690)] Message 0 rejected by interface blink.mojom.WidgetHost
11월 14, 2022 18:42:20.39 [12296:14064:1114/184220.039:ERROR:interface_endpoint_client.cc(690)] Message 0 rejected by interface blink.mojom.WidgetHost
11월 14, 2022 18:42:30.739 [12296:14064:1114/184230.739:ERROR:interface_endpoint_client.cc(690)] Message 0 rejected by interface blink.mojom.WidgetHost
11월 14, 2022 18:42:44.710 [12296:14064:1114/184244.709:ERROR:interface_endpoint_client.cc(690)] Message 0 rejected by interface blink.mojom.WidgetHost
11월 14, 2022 18:49:05.791 [12296:14064:1114/184905.790:ERROR:interface_endpoint_client.cc(690)] Message 0 rejected by interface blink.mojom.WidgetHost
11월 14, 2022 20:20:03.643 [libprotobuf ERROR ..\..\third_party\protobuf\src\google\protobuf\message_lite.cc:133] Can't parse message of type "safe_browsing.ClientDownloadRequest" because it is missing required fields: (cannot determine missing fields for lite message)

11월 15, 2022 09:49:34.719 NEW SESSION
11월 15, 2022 09:49:34.719 [12596:2104:1115/094934.717:ERROR:device_event_log_impl.cc(215)] [09:49:34.717] Bluetooth: bluetooth_adapter_winrt.cc:1074 Getting Default Adapter failed.
11월 15, 2022 09:50:10.742 [9844:4632:1115/095010.742:ERROR:device_event_log_impl.cc(215)] [09:50:10.742] Bluetooth: bluetooth_adapter_winrt.cc:1074 Getting Default Adapter failed.
11월 15, 2022 09:51:08.448 [9844:14468:1115/095108.448:ERROR:util.cc(129)] Can't create base directory: C:\Program Files\Google\GoogleUpdater
11월 15, 2022 09:54:34.778 [9844:4632:1115/095434.778:ERROR:interface_endpoint_client.cc(690)] Message 0 rejected by interface blink.mojom.WidgetHost
11월 15, 2022 12:22:37.418 [libprotobuf ERROR ..\..\third_party\protobuf\src\google\protobuf\message_lite.cc:133] Can't parse message of type "safe_browsing.ClientDownloadRequest" because it is missing required fields: (cannot determine missing fields for lite message)
11월 15, 2022 12:53:18.127 [libprotobuf ERROR ..\..\third_party\protobuf\src\google\protobuf\message_lite.cc:133] Can't parse message of type "safe_browsing.ClientDownloadRequest" because it is missing required fields: (cannot determine missing fields for lite message)
11월 15, 2022 14:45:46.183 [9844:4632:1115/144546.183:ERROR:interface_endpoint_client.cc(690)] Message 0 rejected by interface blink.mojom.WidgetHost
11월 15, 2022 14:51:08.466 [9844:2984:1115/145108.466:ERROR:util.cc(129)] Can't create base directory: C:\Program Files\Google\GoogleUpdater
11월 15, 2022 15:08:00.116 [9844:4632:1115/150800.116:ERROR:interface_endpoint_client.cc(690)] Message 5 rejected by interface blink.mojom.WidgetHost
11월 15, 2022 15:12:44.862 [9844:4632:1115/151244.862:ERROR:device_event_log_impl.cc(215)] [15:12:44.861] USB: usb_service_win.cc:104 SetupDiGetDeviceProperty({{A45C254E-DF1C-4EFD-8020-67D146A850E0}, 6}) failed: 요소가 없습니다. (0x490)
